2015-11-04 18:33:41 Notice: Notice (8): Undefined index: author_name in [/var/www/html/cakephp/app/Controller/ArticlesController.php, line 50]
Trace:
ArticlesController::search() - APP/Controller/ArticlesController.php, line 50
ReflectionMethod::invokeArgs() - [internal], line ??
Controller::invokeAction() - CORE/Cake/Controller/Controller.php, line 488
Dispatcher::_invoke() - CORE/Cake/Routing/Dispatcher.php, line 103
Dispatcher::dispatch() - CORE/Cake/Routing/Dispatcher.php, line 85
[main] - APP/webroot/index.php, line 96

2015-11-04 18:33:41 Notice: Notice (8): Undefined index: author_name in [/var/www/html/cakephp/app/Controller/ArticlesController.php, line 50]
Trace:
ArticlesController::search() - APP/Controller/ArticlesController.php, line 50
ReflectionMethod::invokeArgs() - [internal], line ??
Controller::invokeAction() - CORE/Cake/Controller/Controller.php, line 488
Dispatcher::_invoke() - CORE/Cake/Routing/Dispatcher.php, line 103
Dispatcher::dispatch() - CORE/Cake/Routing/Dispatcher.php, line 85
[main] - APP/webroot/index.php, line 96

2015-11-04 18:34:20 Notice: Notice (8): Undefined index: author_name in [/var/www/html/cakephp/app/Controller/ArticlesController.php, line 50]
Trace:
ArticlesController::search() - APP/Controller/ArticlesController.php, line 50
ReflectionMethod::invokeArgs() - [internal], line ??
Controller::invokeAction() - CORE/Cake/Controller/Controller.php, line 488
Dispatcher::_invoke() - CORE/Cake/Routing/Dispatcher.php, line 103
Dispatcher::dispatch() - CORE/Cake/Routing/Dispatcher.php, line 85
[main] - APP/webroot/index.php, line 96

2015-11-04 18:34:20 Notice: Notice (8): Undefined index: author_name in [/var/www/html/cakephp/app/Controller/ArticlesController.php, line 50]
Trace:
ArticlesController::search() - APP/Controller/ArticlesController.php, line 50
ReflectionMethod::invokeArgs() - [internal], line ??
Controller::invokeAction() - CORE/Cake/Controller/Controller.php, line 488
Dispatcher::_invoke() - CORE/Cake/Routing/Dispatcher.php, line 103
Dispatcher::dispatch() - CORE/Cake/Routing/Dispatcher.php, line 85
[main] - APP/webroot/index.php, line 96

2015-11-04 18:34:42 Notice: Notice (8): Undefined index: author_name in [/var/www/html/cakephp/app/Controller/ArticlesController.php, line 50]
Trace:
ArticlesController::search() - APP/Controller/ArticlesController.php, line 50
ReflectionMethod::invokeArgs() - [internal], line ??
Controller::invokeAction() - CORE/Cake/Controller/Controller.php, line 488
Dispatcher::_invoke() - CORE/Cake/Routing/Dispatcher.php, line 103
Dispatcher::dispatch() - CORE/Cake/Routing/Dispatcher.php, line 85
[main] - APP/webroot/index.php, line 96

2015-11-04 18:34:46 Notice: Notice (8): Undefined index: author_name in [/var/www/html/cakephp/app/Controller/ArticlesController.php, line 50]
Trace:
ArticlesController::search() - APP/Controller/ArticlesController.php, line 50
ReflectionMethod::invokeArgs() - [internal], line ??
Controller::invokeAction() - CORE/Cake/Controller/Controller.php, line 488
Dispatcher::_invoke() - CORE/Cake/Routing/Dispatcher.php, line 103
Dispatcher::dispatch() - CORE/Cake/Routing/Dispatcher.php, line 85
[main] - APP/webroot/index.php, line 96

2015-11-04 18:34:46 Notice: Notice (8): Undefined index: author_name in [/var/www/html/cakephp/app/Controller/ArticlesController.php, line 50]
Trace:
ArticlesController::search() - APP/Controller/ArticlesController.php, line 50
ReflectionMethod::invokeArgs() - [internal], line ??
Controller::invokeAction() - CORE/Cake/Controller/Controller.php, line 488
Dispatcher::_invoke() - CORE/Cake/Routing/Dispatcher.php, line 103
Dispatcher::dispatch() - CORE/Cake/Routing/Dispatcher.php, line 85
[main] - APP/webroot/index.php, line 96

2015-11-04 18:34:51 Notice: Notice (8): Undefined index: author_name in [/var/www/html/cakephp/app/Controller/ArticlesController.php, line 50]
Trace:
ArticlesController::search() - APP/Controller/ArticlesController.php, line 50
ReflectionMethod::invokeArgs() - [internal], line ??
Controller::invokeAction() - CORE/Cake/Controller/Controller.php, line 488
Dispatcher::_invoke() - CORE/Cake/Routing/Dispatcher.php, line 103
Dispatcher::dispatch() - CORE/Cake/Routing/Dispatcher.php, line 85
[main] - APP/webroot/index.php, line 96

2015-11-04 18:34:51 Notice: Notice (8): Undefined index: author_name in [/var/www/html/cakephp/app/Controller/ArticlesController.php, line 50]
Trace:
ArticlesController::search() - APP/Controller/ArticlesController.php, line 50
ReflectionMethod::invokeArgs() - [internal], line ??
Controller::invokeAction() - CORE/Cake/Controller/Controller.php, line 488
Dispatcher::_invoke() - CORE/Cake/Routing/Dispatcher.php, line 103
Dispatcher::dispatch() - CORE/Cake/Routing/Dispatcher.php, line 85
[main] - APP/webroot/index.php, line 96

2015-11-04 18:36:26 Notice: Notice (8): Undefined index: author_name in [/var/www/html/cakephp/app/Controller/ArticlesController.php, line 50]
Trace:
ArticlesController::search() - APP/Controller/ArticlesController.php, line 50
ReflectionMethod::invokeArgs() - [internal], line ??
Controller::invokeAction() - CORE/Cake/Controller/Controller.php, line 488
Dispatcher::_invoke() - CORE/Cake/Routing/Dispatcher.php, line 103
Dispatcher::dispatch() - CORE/Cake/Routing/Dispatcher.php, line 85
[main] - APP/webroot/index.php, line 96

2015-11-04 18:36:27 Notice: Notice (8): Undefined index: author_name in [/var/www/html/cakephp/app/Controller/ArticlesController.php, line 50]
Trace:
ArticlesController::search() - APP/Controller/ArticlesController.php, line 50
ReflectionMethod::invokeArgs() - [internal], line ??
Controller::invokeAction() - CORE/Cake/Controller/Controller.php, line 488
Dispatcher::_invoke() - CORE/Cake/Routing/Dispatcher.php, line 103
Dispatcher::dispatch() - CORE/Cake/Routing/Dispatcher.php, line 85
[main] - APP/webroot/index.php, line 96

2015-11-04 18:36:27 Notice: Notice (8): Undefined index: author_name in [/var/www/html/cakephp/app/Controller/ArticlesController.php, line 50]
Trace:
ArticlesController::search() - APP/Controller/ArticlesController.php, line 50
ReflectionMethod::invokeArgs() - [internal], line ??
Controller::invokeAction() - CORE/Cake/Controller/Controller.php, line 488
Dispatcher::_invoke() - CORE/Cake/Routing/Dispatcher.php, line 103
Dispatcher::dispatch() - CORE/Cake/Routing/Dispatcher.php, line 85
[main] - APP/webroot/index.php, line 96

2015-11-05 10:28:18 Notice: Notice (8): Undefined index: author_name in [/var/www/html/cakephp/app/Controller/ArticlesController.php, line 50]
Trace:
ArticlesController::search() - APP/Controller/ArticlesController.php, line 50
ReflectionMethod::invokeArgs() - [internal], line ??
Controller::invokeAction() - CORE/Cake/Controller/Controller.php, line 488
Dispatcher::_invoke() - CORE/Cake/Routing/Dispatcher.php, line 103
Dispatcher::dispatch() - CORE/Cake/Routing/Dispatcher.php, line 85
[main] - APP/webroot/index.php, line 96

